[I 2023-06-03 21:21:19,367] A new study created in memory with name: no-name-d7b0c4a8-b2e9-46fb-9de6-fe0ce3a76753
CUDA is available. Using CUDA.
[Epoch 0/3] [Batch 0/185] [loss: 9.274328] [Spoofed Label: 29/32] [Desired Label: 2/32]
[Epoch 0/3] [Batch 50/185] [loss: 3.651291] [Spoofed Label: 31/32] [Desired Label: 29/32]
[Epoch 0/3] [Batch 100/185] [loss: 2.945296] [Spoofed Label: 32/32] [Desired Label: 28/32]
[Epoch 0/3] [Batch 150/185] [loss: 2.215515] [Spoofed Label: 30/32] [Desired Label: 31/32]
[Epoch 0/3] [Val: 0.923545]
[Epoch 1/3] [Batch 0/185] [loss: 2.341844] [Spoofed Label: 31/32] [Desired Label: 28/32]
[Epoch 1/3] [Batch 50/185] [loss: 1.763842] [Spoofed Label: 32/32] [Desired Label: 31/32]
[Epoch 1/3] [Batch 100/185] [loss: 1.892930] [Spoofed Label: 32/32] [Desired Label: 29/32]
[Epoch 1/3] [Batch 150/185] [loss: 1.685406] [Spoofed Label: 31/32] [Desired Label: 30/32]
[Epoch 1/3] [Val: 0.920162]
[Epoch 2/3] [Batch 0/185] [loss: 1.657119] [Spoofed Label: 30/32] [Desired Label: 29/32]
[Epoch 2/3] [Batch 50/185] [loss: 1.714808] [Spoofed Label: 29/32] [Desired Label: 29/32]
[Epoch 2/3] [Batch 100/185] [loss: 1.689934] [Spoofed Label: 30/32] [Desired Label: 29/32]
[Epoch 2/3] [Batch 150/185] [loss: 1.576968] [Spoofed Label: 31/32] [Desired Label: 32/32]
[Epoch 2/3] [Val: 0.956698]
[I 2023-06-03 21:23:39,447] Trial 0 finished with value: 1.4683564586448483e-05 and parameters: {'lr': 0.00810695410190608, 'weight_decay': 0.0034636283815461487, 'gan_weight_decay': 0.004809073015382301, 'num_epochs': 3}. Best is trial 0 with value: 1.4683564586448483e-05.
CUDA is available. Using CUDA.
[Epoch 0/3] [Batch 0/185] [loss: 7.368183] [Spoofed Label: 24/32] [Desired Label: 2/32]
[Epoch 0/3] [Batch 50/185] [loss: 4.576182] [Spoofed Label: 28/32] [Desired Label: 8/32]
[Epoch 0/3] [Batch 100/185] [loss: 1.573010] [Spoofed Label: 32/32] [Desired Label: 31/32]
[Epoch 0/3] [Batch 150/185] [loss: 1.435891] [Spoofed Label: 32/32] [Desired Label: 28/32]
[Epoch 0/3] [Val: 0.962788]
[Epoch 1/3] [Batch 0/185] [loss: 1.099782] [Spoofed Label: 32/32] [Desired Label: 32/32]
[Epoch 1/3] [Batch 50/185] [loss: 1.378193] [Spoofed Label: 31/32] [Desired Label: 28/32]
[Epoch 1/3] [Batch 100/185] [loss: 0.979701] [Spoofed Label: 31/32] [Desired Label: 31/32]
[Epoch 1/3] [Batch 150/185] [loss: 1.020801] [Spoofed Label: 31/32] [Desired Label: 32/32]
[Epoch 1/3] [Val: 0.947903]
[Epoch 2/3] [Batch 0/185] [loss: 1.002544] [Spoofed Label: 29/32] [Desired Label: 32/32]
[Epoch 2/3] [Batch 50/185] [loss: 1.199815] [Spoofed Label: 32/32] [Desired Label: 30/32]
[Epoch 2/3] [Batch 100/185] [loss: 1.084165] [Spoofed Label: 32/32] [Desired Label: 31/32]
[Epoch 2/3] [Batch 150/185] [loss: 1.067903] [Spoofed Label: 32/32] [Desired Label: 32/32]
[Epoch 2/3] [Val: 0.955345]
[I 2023-06-03 21:25:53,758] Trial 1 finished with value: 1.1142272342112847e-05 and parameters: {'lr': 0.000644741622354497, 'weight_decay': 0.010582109676628048, 'gan_weight_decay': 0.0025741662449584994, 'num_epochs': 3}. Best is trial 0 with value: 1.4683564586448483e-05.
CUDA is available. Using CUDA.
[Epoch 0/3] [Batch 0/185] [loss: 13.085394] [Spoofed Label: 30/32] [Desired Label: 0/32]
[Epoch 0/3] [Batch 50/185] [loss: 4.268460] [Spoofed Label: 29/32] [Desired Label: 27/32]
[Epoch 0/3] [Batch 100/185] [loss: 4.266164] [Spoofed Label: 32/32] [Desired Label: 27/32]
[Epoch 0/3] [Batch 150/185] [loss: 4.067485] [Spoofed Label: 31/32] [Desired Label: 26/32]
[Epoch 0/3] [Val: 0.878214]
[Epoch 1/3] [Batch 0/185] [loss: 3.367278] [Spoofed Label: 30/32] [Desired Label: 32/32]
[Epoch 1/3] [Batch 50/185] [loss: 3.977480] [Spoofed Label: 32/32] [Desired Label: 27/32]
[Epoch 1/3] [Batch 100/185] [loss: 3.231437] [Spoofed Label: 29/32] [Desired Label: 29/32]
[Epoch 1/3] [Batch 150/185] [loss: 2.790399] [Spoofed Label: 31/32] [Desired Label: 31/32]
[Epoch 1/3] [Val: 0.790934]
[Epoch 2/3] [Batch 0/185] [loss: 3.819982] [Spoofed Label: 32/32] [Desired Label: 25/32]
[Epoch 2/3] [Batch 50/185] [loss: 3.233993] [Spoofed Label: 30/32] [Desired Label: 29/32]
[Epoch 2/3] [Batch 100/185] [loss: 3.096217] [Spoofed Label: 31/32] [Desired Label: 26/32]
[Epoch 2/3] [Batch 150/185] [loss: 2.836125] [Spoofed Label: 31/32] [Desired Label: 32/32]
[Epoch 2/3] [Val: 0.848444]
[I 2023-06-03 21:28:08,161] Trial 2 finished with value: 1.492430419602897e-05 and parameters: {'lr': 0.0011264932799130553, 'weight_decay': 0.014387618388493196, 'gan_weight_decay': 0.009050863245532116, 'num_epochs': 3}. Best is trial 2 with value: 1.492430419602897e-05.
CUDA is available. Using CUDA.
[Epoch 0/3] [Batch 0/185] [loss: 7.811568] [Spoofed Label: 26/32] [Desired Label: 0/32]
[Epoch 0/3] [Batch 50/185] [loss: 2.700026] [Spoofed Label: 31/32] [Desired Label: 31/32]
[Epoch 0/3] [Batch 100/185] [loss: 2.349218] [Spoofed Label: 31/32] [Desired Label: 30/32]
[Epoch 0/3] [Batch 150/185] [loss: 2.484662] [Spoofed Label: 31/32] [Desired Label: 28/32]
[Epoch 0/3] [Val: 0.927605]
[Epoch 1/3] [Batch 0/185] [loss: 2.290722] [Spoofed Label: 31/32] [Desired Label: 28/32]
[Epoch 1/3] [Batch 50/185] [loss: 1.599011] [Spoofed Label: 29/32] [Desired Label: 31/32]
[Epoch 1/3] [Batch 100/185] [loss: 1.488311] [Spoofed Label: 30/32] [Desired Label: 30/32]
[Epoch 1/3] [Batch 150/185] [loss: 1.379380] [Spoofed Label: 29/32] [Desired Label: 31/32]
[Epoch 1/3] [Val: 0.955345]
[Epoch 2/3] [Batch 0/185] [loss: 1.566600] [Spoofed Label: 32/32] [Desired Label: 31/32]
[Epoch 2/3] [Batch 50/185] [loss: 1.181816] [Spoofed Label: 32/32] [Desired Label: 32/32]
[Epoch 2/3] [Batch 100/185] [loss: 1.325521] [Spoofed Label: 31/32] [Desired Label: 31/32]
[Epoch 2/3] [Batch 150/185] [loss: 1.217416] [Spoofed Label: 32/32] [Desired Label: 31/32]
[Epoch 2/3] [Val: 0.942490]
[I 2023-06-03 21:30:27,308] Trial 3 finished with value: 9.229620445694309e-06 and parameters: {'lr': 0.005612320235181791, 'weight_decay': 0.007716161295580836, 'gan_weight_decay': 0.00303905219876217, 'num_epochs': 3}. Best is trial 2 with value: 1.492430419602897e-05.
CUDA is available. Using CUDA.
[Epoch 0/3] [Batch 0/185] [loss: 11.876003] [Spoofed Label: 31/32] [Desired Label: 1/32]
[Epoch 0/3] [Batch 50/185] [loss: 4.168393] [Spoofed Label: 30/32] [Desired Label: 29/32]
[Epoch 0/3] [Batch 100/185] [loss: 3.253956] [Spoofed Label: 32/32] [Desired Label: 30/32]
[Epoch 0/3] [Batch 150/185] [loss: 3.045632] [Spoofed Label: 31/32] [Desired Label: 30/32]
[Epoch 0/3] [Val: 0.888363]
[Epoch 1/3] [Batch 0/185] [loss: 2.837517] [Spoofed Label: 32/32] [Desired Label: 32/32]
[Epoch 1/3] [Batch 50/185] [loss: 2.895748] [Spoofed Label: 31/32] [Desired Label: 30/32]
[Epoch 1/3] [Batch 100/185] [loss: 3.312834] [Spoofed Label: 31/32] [Desired Label: 27/32]
[Epoch 1/3] [Batch 150/185] [loss: 2.867329] [Spoofed Label: 30/32] [Desired Label: 28/32]
[Epoch 1/3] [Val: 0.918133]
[Epoch 2/3] [Batch 0/185] [loss: 2.775509] [Spoofed Label: 31/32] [Desired Label: 30/32]
[Epoch 2/3] [Batch 50/185] [loss: 3.017762] [Spoofed Label: 31/32] [Desired Label: 30/32]
[Epoch 2/3] [Batch 100/185] [loss: 2.671191] [Spoofed Label: 32/32] [Desired Label: 29/32]
[Epoch 2/3] [Batch 150/185] [loss: 2.990050] [Spoofed Label: 32/32] [Desired Label: 29/32]
[Epoch 2/3] [Val: 0.901218]
[I 2023-06-03 21:32:42,857] Trial 4 finished with value: 1.4887068573443685e-05 and parameters: {'lr': 0.0009236456111134223, 'weight_decay': 0.013862568476168817, 'gan_weight_decay': 0.008036820001830166, 'num_epochs': 3}. Best is trial 2 with value: 1.492430419602897e-05.
CUDA is available. Using CUDA.
[Epoch 0/3] [Batch 0/185] [loss: 13.189268] [Spoofed Label: 30/32] [Desired Label: 0/32]
[Epoch 0/3] [Batch 50/185] [loss: 5.443461] [Spoofed Label: 30/32] [Desired Label: 24/32]
[Epoch 0/3] [Batch 100/185] [loss: 4.681859] [Spoofed Label: 31/32] [Desired Label: 28/32]
[Epoch 0/3] [Batch 150/185] [loss: 4.304346] [Spoofed Label: 31/32] [Desired Label: 18/32]
[Epoch 0/3] [Val: 0.851150]
[Epoch 1/3] [Batch 0/185] [loss: 4.785318] [Spoofed Label: 31/32] [Desired Label: 29/32]
[Epoch 1/3] [Batch 50/185] [loss: 3.847336] [Spoofed Label: 32/32] [Desired Label: 27/32]
[Epoch 1/3] [Batch 100/185] [loss: 3.381995] [Spoofed Label: 31/32] [Desired Label: 26/32]
[Epoch 1/3] [Batch 150/185] [loss: 3.107132] [Spoofed Label: 32/32] [Desired Label: 31/32]
[Epoch 1/3] [Val: 0.861299]
[Epoch 2/3] [Batch 0/185] [loss: 3.208475] [Spoofed Label: 31/32] [Desired Label: 30/32]
[Epoch 2/3] [Batch 50/185] [loss: 2.768815] [Spoofed Label: 29/32] [Desired Label: 30/32]
[Epoch 2/3] [Batch 100/185] [loss: 2.804951] [Spoofed Label: 32/32] [Desired Label: 30/32]
[Epoch 2/3] [Batch 150/185] [loss: 3.145459] [Spoofed Label: 30/32] [Desired Label: 24/32]
[Epoch 2/3] [Val: 0.855886]
[I 2023-06-03 21:34:57,061] Trial 5 finished with value: 2.0707018848042935e-05 and parameters: {'lr': 0.003723430224625378, 'weight_decay': 0.0010081407765509091, 'gan_weight_decay': 0.009660247147797662, 'num_epochs': 3}. Best is trial 5 with value: 2.0707018848042935e-05.
CUDA is available. Using CUDA.
[Epoch 0/3] [Batch 0/185] [loss: 8.117793] [Spoofed Label: 26/32] [Desired Label: 1/32]
[Epoch 0/3] [Batch 50/185] [loss: 2.296798] [Spoofed Label: 32/32] [Desired Label: 32/32]
[Epoch 0/3] [Batch 100/185] [loss: 1.834790] [Spoofed Label: 32/32] [Desired Label: 31/32]
[Epoch 0/3] [Batch 150/185] [loss: 2.370073] [Spoofed Label: 32/32] [Desired Label: 24/32]
[Epoch 0/3] [Val: 0.982409]
[Epoch 1/3] [Batch 0/185] [loss: 1.756828] [Spoofed Label: 30/32] [Desired Label: 31/32]
[Epoch 1/3] [Batch 50/185] [loss: 1.594848] [Spoofed Label: 30/32] [Desired Label: 31/32]
[Epoch 1/3] [Batch 100/185] [loss: 2.060435] [Spoofed Label: 32/32] [Desired Label: 28/32]
[Epoch 1/3] [Batch 150/185] [loss: 1.440698] [Spoofed Label: 31/32] [Desired Label: 30/32]
[Epoch 1/3] [Val: 0.949256]
[Epoch 2/3] [Batch 0/185] [loss: 1.505524] [Spoofed Label: 32/32] [Desired Label: 31/32]
[Epoch 2/3] [Batch 50/185] [loss: 1.294140] [Spoofed Label: 29/32] [Desired Label: 32/32]
[Epoch 2/3] [Batch 100/185] [loss: 1.596368] [Spoofed Label: 31/32] [Desired Label: 32/32]
[Epoch 2/3] [Batch 150/185] [loss: 1.546628] [Spoofed Label: 32/32] [Desired Label: 30/32]
[Epoch 2/3] [Val: 0.956022]
[I 2023-06-03 21:37:11,603] Trial 6 finished with value: 9.06614695850294e-06 and parameters: {'lr': 0.001947123975142361, 'weight_decay': 0.002838509866283706, 'gan_weight_decay': 0.0030189222263710754, 'num_epochs': 3}. Best is trial 5 with value: 2.0707018848042935e-05.
CUDA is available. Using CUDA.
[Epoch 0/3] [Batch 0/185] [loss: 15.295893] [Spoofed Label: 29/32] [Desired Label: 2/32]
[Epoch 0/3] [Batch 50/185] [loss: 7.753835] [Spoofed Label: 31/32] [Desired Label: 19/32]
[Epoch 0/3] [Batch 100/185] [loss: 5.697867] [Spoofed Label: 29/32] [Desired Label: 21/32]
[Epoch 0/3] [Batch 150/185] [loss: 4.429938] [Spoofed Label: 32/32] [Desired Label: 27/32]
[Epoch 0/3] [Val: 0.755751]
[Epoch 1/3] [Batch 0/185] [loss: 3.742974] [Spoofed Label: 32/32] [Desired Label: 25/32]
[Epoch 1/3] [Batch 50/185] [loss: 4.339284] [Spoofed Label: 28/32] [Desired Label: 19/32]
[Epoch 1/3] [Batch 100/185] [loss: 3.310834] [Spoofed Label: 30/32] [Desired Label: 24/32]
[Epoch 1/3] [Batch 150/185] [loss: 3.072772] [Spoofed Label: 31/32] [Desired Label: 29/32]
[Epoch 1/3] [Val: 0.815291]
[Epoch 2/3] [Batch 0/185] [loss: 3.109538] [Spoofed Label: 29/32] [Desired Label: 28/32]
[Epoch 2/3] [Batch 50/185] [loss: 3.196687] [Spoofed Label: 28/32] [Desired Label: 27/32]
[Epoch 2/3] [Batch 100/185] [loss: 3.283824] [Spoofed Label: 32/32] [Desired Label: 25/32]
[Epoch 2/3] [Batch 150/185] [loss: 2.864160] [Spoofed Label: 30/32] [Desired Label: 26/32]
[Epoch 2/3] [Val: 0.808525]
[I 2023-06-03 21:39:25,717] Trial 7 finished with value: 3.494290649541654e-05 and parameters: {'lr': 0.007090306860067623, 'weight_decay': 0.0017124636633445562, 'gan_weight_decay': 0.012739816233918564, 'num_epochs': 3}. Best is trial 7 with value: 3.494290649541654e-05.
CUDA is available. Using CUDA.
[Epoch 0/3] [Batch 0/185] [loss: 7.227329] [Spoofed Label: 30/32] [Desired Label: 1/32]
[Epoch 0/3] [Batch 50/185] [loss: 2.672981] [Spoofed Label: 30/32] [Desired Label: 26/32]
[Epoch 0/3] [Batch 100/185] [loss: 1.949159] [Spoofed Label: 32/32] [Desired Label: 29/32]
[Epoch 0/3] [Batch 150/185] [loss: 1.350668] [Spoofed Label: 31/32] [Desired Label: 32/32]
[Epoch 0/3] [Val: 0.959405]
[Epoch 1/3] [Batch 0/185] [loss: 1.193922] [Spoofed Label: 31/32] [Desired Label: 32/32]
[Epoch 1/3] [Batch 50/185] [loss: 1.361362] [Spoofed Label: 32/32] [Desired Label: 30/32]
[Epoch 1/3] [Batch 100/185] [loss: 1.385578] [Spoofed Label: 31/32] [Desired Label: 32/32]
[Epoch 1/3] [Batch 150/185] [loss: 1.113910] [Spoofed Label: 30/32] [Desired Label: 31/32]
[Epoch 1/3] [Val: 0.974966]
[Epoch 2/3] [Batch 0/185] [loss: 0.909071] [Spoofed Label: 30/32] [Desired Label: 32/32]
[Epoch 2/3] [Batch 50/185] [loss: 1.258788] [Spoofed Label: 32/32] [Desired Label: 32/32]
[Epoch 2/3] [Batch 100/185] [loss: 1.253285] [Spoofed Label: 32/32] [Desired Label: 29/32]
[Epoch 2/3] [Batch 150/185] [loss: 0.863595] [Spoofed Label: 31/32] [Desired Label: 32/32]
[Epoch 2/3] [Val: 0.964817]
[I 2023-06-03 21:41:39,618] Trial 8 finished with value: 7.97274879005272e-06 and parameters: {'lr': 0.008302449782168481, 'weight_decay': 0.003488978694675794, 'gan_weight_decay': 0.0018307380465914065, 'num_epochs': 3}. Best is trial 7 with value: 3.494290649541654e-05.
Study statistics:
  Number of finished trials:  9
  Number of pruned trials:  0
  Number of complete trials:  9
Best trial:
  Value:  3.494290649541654e-05
  Params:
    lr: 0.007090306860067623
    weight_decay: 0.0017124636633445562
    gan_weight_decay: 0.012739816233918564
    num_epochs: 3
